2018-02-27 11:36:51,963 [INFO] from application in play-dev-mode-akka.actor.default-dispatcher-5 - Creating Pool for datasource 'default'
2018-02-27 11:36:52,305 [INFO] from play.api.db.DefaultDBApi in play-dev-mode-akka.actor.default-dispatcher-5 - Database [default] connected at jdbc:h2:file:./data/productsDB
2018-02-27 11:36:53,289 [WARN] from org.hibernate.validator.messageinterpolation.ParameterMessageInterpolator in play-dev-mode-akka.actor.default-dispatcher-5 - HV000184: ParameterMessageInterpolator has been chosen, EL interpolation will not be supported
2018-02-27 11:36:53,501 [INFO] from play.api.http.EnabledFilters in play-dev-mode-akka.actor.default-dispatcher-5 - Enabled Filters (see <https://www.playframework.com/documentation/latest/Filters>):

    play.filters.csrf.CSRFFilter
    play.filters.headers.SecurityHeadersFilter
    play.filters.hosts.AllowedHostsFilter

2018-02-27 11:36:53,506 [INFO] from play.api.Play in play-dev-mode-akka.actor.default-dispatcher-5 - Application started (Dev)
2018-02-27 11:39:21,978 [WARN] from application in application-akka.actor.default-dispatcher-4 - The "validate" method in class "models.users.Login" is deprecated since Play 2.6. To migrate to class-level constraints see https://www.playframework.com/documentation/2.6.x/Migration26#java-form-changes and https://www.playframework.com/documentation/2.6.x/JavaForms#Advanced-validation
2018-02-27 11:47:06,168 [INFO] from application in application-akka.actor.default-dispatcher-29 - Shutting down connection pool.
2018-02-27 11:47:06,394 [INFO] from application in play-dev-mode-akka.actor.default-dispatcher-63 - Creating Pool for datasource 'default'
2018-02-27 11:47:06,414 [INFO] from play.api.db.DefaultDBApi in play-dev-mode-akka.actor.default-dispatcher-63 - Database [default] connected at jdbc:h2:file:./data/productsDB
2018-02-27 11:47:06,568 [WARN] from org.hibernate.validator.messageinterpolation.ParameterMessageInterpolator in play-dev-mode-akka.actor.default-dispatcher-63 - HV000184: ParameterMessageInterpolator has been chosen, EL interpolation will not be supported
2018-02-27 11:47:06,645 [INFO] from play.api.http.EnabledFilters in play-dev-mode-akka.actor.default-dispatcher-63 - Enabled Filters (see <https://www.playframework.com/documentation/latest/Filters>):

    play.filters.csrf.CSRFFilter
    play.filters.headers.SecurityHeadersFilter
    play.filters.hosts.AllowedHostsFilter

2018-02-27 11:47:06,649 [INFO] from play.api.Play in play-dev-mode-akka.actor.default-dispatcher-63 - Application started (Dev)
2018-02-27 11:47:37,481 [INFO] from play.core.server.AkkaHttpServer in pool-5-thread-5 - Stopping server...
2018-02-27 11:47:37,503 [INFO] from application in application-akka.actor.default-dispatcher-4 - Shutting down connection pool.
